Determining if the function crc32c_value exists in the crc32c failed with the following output:
Change Dir: /Users/yamadapc/projects/file-saver/xcode/CMakeFiles/CMakeTmp

Run Build Command(s):/usr/bin/xcodebuild -project CMAKE_TRY_COMPILE.xcodeproj build -target cmTC_1123c -configuration Debug -hideShellScriptEnvironment && 2019-10-16 19:38:38.766 xcodebuild[7720:55367] [MT] PluginLoading: Skipping plug-in at path '/Users/yamadapc/Library/Application Support/Developer/Shared/Xcode/Plug-ins/XVim2.xcplugin' because it is not compatible with this version of Xcode.
User defaults from command line:
    HideShellScriptEnvironment = YES

Prepare build
note: Using legacy build system

=== BUILD TARGET cmTC_1123c OF PROJECT CMAKE_TRY_COMPILE WITH CONFIGURATION Debug ===

Check dependencies

Write auxiliary files
/bin/mkdir -p /Users/yamadapc/projects/file-saver/xcode/CMakeFiles/CMakeTmp/CMAKE_TRY_COMPILE.build/Debug/cmTC_1123c.build/Objects-normal/x86_64
write-file /Users/yamadapc/projects/file-saver/xcode/CMakeFiles/CMakeTmp/CMAKE_TRY_COMPILE.build/Debug/cmTC_1123c.build/Objects-normal/x86_64/cmTC_1123c.LinkFileList

CompileC CMAKE_TRY_COMPILE.build/Debug/cmTC_1123c.build/Objects-normal/x86_64/CheckFunctionExists.o /usr/local/Cellar/cmake/3.15.3/share/cmake/Modules/CheckFunctionExists.c normal x86_64 c com.apple.compilers.llvm.clang.1_0.compiler
    cd /Users/yamadapc/projects/file-saver/xcode/CMakeFiles/CMakeTmp
    /Applications/Xcode.app/Contents/Developer/Toolchains/XcodeDefault.xctoolchain/usr/bin/clang -x c -target x86_64-apple-macos10.15 -fmessage-length=0 -fdiagnostics-show-note-include-stack -fmacro-backtrace-limit=0 -Wno-trigraphs -fpascal-strings -O0 -Wno-missing-field-initializers -Wno-missing-prototypes -Wno-return-type -Wno-missing-braces -Wparentheses -Wswitch -Wno-unused-function -Wno-unused-label -Wno-unused-parameter -Wno-unused-variable -Wunused-value -Wno-empty-body -Wno-uninitialized -Wno-unknown-pragmas -Wno-shadow -Wno-four-char-constants -Wno-conversion -Wno-constant-conversion -Wno-int-conversion -Wno-bool-conversion -Wno-enum-conversion -Wno-float-conversion -Wno-non-literal-null-conversion -Wno-objc-literal-conversion -Wno-shorten-64-to-32 -Wpointer-sign -Wno-newline-eof -DCMAKE_INTDIR=\"Debug\" -isysroot /Applications/Xcode.app/Contents/Developer/Platforms/MacOSX.platform/Developer/SDKs/MacOSX10.15.sdk -fasm-blocks -fstrict-aliasing -Wdeprecated-declarations -g -Wno-sign-conversion -Wno-infinite-recursion -Wno-comma -Wno-block-capture-autoreleasing -Wno-strict-prototypes -Wno-semicolon-before-method-body -I/Users/yamadapc/projects/file-saver/xcode/CMakeFiles/CMakeTmp/Debug/include -I/Users/yamadapc/projects/file-saver/xcode/CMakeFiles/CMakeTmp/CMAKE_TRY_COMPILE.build/Debug/cmTC_1123c.build/DerivedSources-normal/x86_64 -I/Users/yamadapc/projects/file-saver/xcode/CMakeFiles/CMakeTmp/CMAKE_TRY_COMPILE.build/Debug/cmTC_1123c.build/DerivedSources/x86_64 -I/Users/yamadapc/projects/file-saver/xcode/CMakeFiles/CMakeTmp/CMAKE_TRY_COMPILE.build/Debug/cmTC_1123c.build/DerivedSources -Wmost -Wno-four-char-constants -Wno-unknown-pragmas -F/Users/yamadapc/projects/file-saver/xcode/CMakeFiles/CMakeTmp/Debug -DCHECK_FUNCTION_EXISTS=crc32c_value -std=c11 -MMD -MT dependencies -MF /Users/yamadapc/projects/file-saver/xcode/CMakeFiles/CMakeTmp/CMAKE_TRY_COMPILE.build/Debug/cmTC_1123c.build/Objects-normal/x86_64/CheckFunctionExists.d --serialize-diagnostics /Users/yamadapc/projects/file-saver/xcode/CMakeFiles/CMakeTmp/CMAKE_TRY_COMPILE.build/Debug/cmTC_1123c.build/Objects-normal/x86_64/CheckFunctionExists.dia -c /usr/local/Cellar/cmake/3.15.3/share/cmake/Modules/CheckFunctionExists.c -o /Users/yamadapc/projects/file-saver/xcode/CMakeFiles/CMakeTmp/CMAKE_TRY_COMPILE.build/Debug/cmTC_1123c.build/Objects-normal/x86_64/CheckFunctionExists.o

Ld Debug/cmTC_1123c normal x86_64
    cd /Users/yamadapc/projects/file-saver/xcode/CMakeFiles/CMakeTmp
    /Applications/Xcode.app/Contents/Developer/Toolchains/XcodeDefault.xctoolchain/usr/bin/clang -target x86_64-apple-macos10.15 -isysroot /Applications/Xcode.app/Contents/Developer/Platforms/MacOSX.platform/Developer/SDKs/MacOSX10.15.sdk -L/Users/yamadapc/projects/file-saver/xcode/CMakeFiles/CMakeTmp/Debug -F/Users/yamadapc/projects/file-saver/xcode/CMakeFiles/CMakeTmp/Debug -filelist /Users/yamadapc/projects/file-saver/xcode/CMakeFiles/CMakeTmp/CMAKE_TRY_COMPILE.build/Debug/cmTC_1123c.build/Objects-normal/x86_64/cmTC_1123c.LinkFileList -Xlinker -object_path_lto -Xlinker /Users/yamadapc/projects/file-saver/xcode/CMakeFiles/CMakeTmp/CMAKE_TRY_COMPILE.build/Debug/cmTC_1123c.build/Objects-normal/x86_64/cmTC_1123c_lto.o -Xlinker -no_deduplicate -Wl,-search_paths_first -Wl,-headerpad_max_install_names -lcrc32c -Xlinker -dependency_info -Xlinker /Users/yamadapc/projects/file-saver/xcode/CMakeFiles/CMakeTmp/CMAKE_TRY_COMPILE.build/Debug/cmTC_1123c.build/Objects-normal/x86_64/cmTC_1123c_dependency_info.dat -o /Users/yamadapc/projects/file-saver/xcode/CMakeFiles/CMakeTmp/Debug/cmTC_1123c
ld: library not found for -lcrc32c
clang: error: linker command failed with exit code 1 (use -v to see invocation)

** BUILD FAILED **


The following build commands failed:
	Ld Debug/cmTC_1123c normal x86_64
(1 failure)



Determining if the function snappy_compress exists in the snappy failed with the following output:
Change Dir: /Users/yamadapc/projects/file-saver/xcode/CMakeFiles/CMakeTmp

Run Build Command(s):/usr/bin/xcodebuild -project CMAKE_TRY_COMPILE.xcodeproj build -target cmTC_036ad -configuration Debug -hideShellScriptEnvironment && 2019-10-16 19:38:39.565 xcodebuild[7743:55626] [MT] PluginLoading: Skipping plug-in at path '/Users/yamadapc/Library/Application Support/Developer/Shared/Xcode/Plug-ins/XVim2.xcplugin' because it is not compatible with this version of Xcode.
User defaults from command line:
    HideShellScriptEnvironment = YES

Prepare build
note: Using legacy build system

=== BUILD TARGET cmTC_036ad OF PROJECT CMAKE_TRY_COMPILE WITH CONFIGURATION Debug ===

Check dependencies

Write auxiliary files
/bin/mkdir -p /Users/yamadapc/projects/file-saver/xcode/CMakeFiles/CMakeTmp/CMAKE_TRY_COMPILE.build/Debug/cmTC_036ad.build/Objects-normal/x86_64
write-file /Users/yamadapc/projects/file-saver/xcode/CMakeFiles/CMakeTmp/CMAKE_TRY_COMPILE.build/Debug/cmTC_036ad.build/Objects-normal/x86_64/cmTC_036ad.LinkFileList

CompileC CMAKE_TRY_COMPILE.build/Debug/cmTC_036ad.build/Objects-normal/x86_64/CheckFunctionExists.o /usr/local/Cellar/cmake/3.15.3/share/cmake/Modules/CheckFunctionExists.c normal x86_64 c com.apple.compilers.llvm.clang.1_0.compiler
    cd /Users/yamadapc/projects/file-saver/xcode/CMakeFiles/CMakeTmp
    /Applications/Xcode.app/Contents/Developer/Toolchains/XcodeDefault.xctoolchain/usr/bin/clang -x c -target x86_64-apple-macos10.15 -fmessage-length=0 -fdiagnostics-show-note-include-stack -fmacro-backtrace-limit=0 -Wno-trigraphs -fpascal-strings -O0 -Wno-missing-field-initializers -Wno-missing-prototypes -Wno-return-type -Wno-missing-braces -Wparentheses -Wswitch -Wno-unused-function -Wno-unused-label -Wno-unused-parameter -Wno-unused-variable -Wunused-value -Wno-empty-body -Wno-uninitialized -Wno-unknown-pragmas -Wno-shadow -Wno-four-char-constants -Wno-conversion -Wno-constant-conversion -Wno-int-conversion -Wno-bool-conversion -Wno-enum-conversion -Wno-float-conversion -Wno-non-literal-null-conversion -Wno-objc-literal-conversion -Wno-shorten-64-to-32 -Wpointer-sign -Wno-newline-eof -DCMAKE_INTDIR=\"Debug\" -isysroot /Applications/Xcode.app/Contents/Developer/Platforms/MacOSX.platform/Developer/SDKs/MacOSX10.15.sdk -fasm-blocks -fstrict-aliasing -Wdeprecated-declarations -g -Wno-sign-conversion -Wno-infinite-recursion -Wno-comma -Wno-block-capture-autoreleasing -Wno-strict-prototypes -Wno-semicolon-before-method-body -I/Users/yamadapc/projects/file-saver/xcode/CMakeFiles/CMakeTmp/Debug/include -I/Users/yamadapc/projects/file-saver/xcode/CMakeFiles/CMakeTmp/CMAKE_TRY_COMPILE.build/Debug/cmTC_036ad.build/DerivedSources-normal/x86_64 -I/Users/yamadapc/projects/file-saver/xcode/CMakeFiles/CMakeTmp/CMAKE_TRY_COMPILE.build/Debug/cmTC_036ad.build/DerivedSources/x86_64 -I/Users/yamadapc/projects/file-saver/xcode/CMakeFiles/CMakeTmp/CMAKE_TRY_COMPILE.build/Debug/cmTC_036ad.build/DerivedSources -Wmost -Wno-four-char-constants -Wno-unknown-pragmas -F/Users/yamadapc/projects/file-saver/xcode/CMakeFiles/CMakeTmp/Debug -DCHECK_FUNCTION_EXISTS=snappy_compress -std=c11 -MMD -MT dependencies -MF /Users/yamadapc/projects/file-saver/xcode/CMakeFiles/CMakeTmp/CMAKE_TRY_COMPILE.build/Debug/cmTC_036ad.build/Objects-normal/x86_64/CheckFunctionExists.d --serialize-diagnostics /Users/yamadapc/projects/file-saver/xcode/CMakeFiles/CMakeTmp/CMAKE_TRY_COMPILE.build/Debug/cmTC_036ad.build/Objects-normal/x86_64/CheckFunctionExists.dia -c /usr/local/Cellar/cmake/3.15.3/share/cmake/Modules/CheckFunctionExists.c -o /Users/yamadapc/projects/file-saver/xcode/CMakeFiles/CMakeTmp/CMAKE_TRY_COMPILE.build/Debug/cmTC_036ad.build/Objects-normal/x86_64/CheckFunctionExists.o

Ld Debug/cmTC_036ad normal x86_64
    cd /Users/yamadapc/projects/file-saver/xcode/CMakeFiles/CMakeTmp
    /Applications/Xcode.app/Contents/Developer/Toolchains/XcodeDefault.xctoolchain/usr/bin/clang -target x86_64-apple-macos10.15 -isysroot /Applications/Xcode.app/Contents/Developer/Platforms/MacOSX.platform/Developer/SDKs/MacOSX10.15.sdk -L/Users/yamadapc/projects/file-saver/xcode/CMakeFiles/CMakeTmp/Debug -F/Users/yamadapc/projects/file-saver/xcode/CMakeFiles/CMakeTmp/Debug -filelist /Users/yamadapc/projects/file-saver/xcode/CMakeFiles/CMakeTmp/CMAKE_TRY_COMPILE.build/Debug/cmTC_036ad.build/Objects-normal/x86_64/cmTC_036ad.LinkFileList -Xlinker -object_path_lto -Xlinker /Users/yamadapc/projects/file-saver/xcode/CMakeFiles/CMakeTmp/CMAKE_TRY_COMPILE.build/Debug/cmTC_036ad.build/Objects-normal/x86_64/cmTC_036ad_lto.o -Xlinker -no_deduplicate -Wl,-search_paths_first -Wl,-headerpad_max_install_names -lsnappy -Xlinker -dependency_info -Xlinker /Users/yamadapc/projects/file-saver/xcode/CMakeFiles/CMakeTmp/CMAKE_TRY_COMPILE.build/Debug/cmTC_036ad.build/Objects-normal/x86_64/cmTC_036ad_dependency_info.dat -o /Users/yamadapc/projects/file-saver/xcode/CMakeFiles/CMakeTmp/Debug/cmTC_036ad
ld: library not found for -lsnappy
clang: error: linker command failed with exit code 1 (use -v to see invocation)

** BUILD FAILED **


The following build commands failed:
	Ld Debug/cmTC_036ad normal x86_64
(1 failure)



Determining if the function malloc exists in the tcmalloc failed with the following output:
Change Dir: /Users/yamadapc/projects/file-saver/xcode/CMakeFiles/CMakeTmp

Run Build Command(s):/usr/bin/xcodebuild -project CMAKE_TRY_COMPILE.xcodeproj build -target cmTC_e690a -configuration Debug -hideShellScriptEnvironment && 2019-10-16 19:38:40.371 xcodebuild[7760:55873] [MT] PluginLoading: Skipping plug-in at path '/Users/yamadapc/Library/Application Support/Developer/Shared/Xcode/Plug-ins/XVim2.xcplugin' because it is not compatible with this version of Xcode.
User defaults from command line:
    HideShellScriptEnvironment = YES

Prepare build
note: Using legacy build system

=== BUILD TARGET cmTC_e690a OF PROJECT CMAKE_TRY_COMPILE WITH CONFIGURATION Debug ===

Check dependencies

Write auxiliary files
/bin/mkdir -p /Users/yamadapc/projects/file-saver/xcode/CMakeFiles/CMakeTmp/CMAKE_TRY_COMPILE.build/Debug/cmTC_e690a.build/Objects-normal/x86_64
write-file /Users/yamadapc/projects/file-saver/xcode/CMakeFiles/CMakeTmp/CMAKE_TRY_COMPILE.build/Debug/cmTC_e690a.build/Objects-normal/x86_64/cmTC_e690a.LinkFileList

CompileC CMAKE_TRY_COMPILE.build/Debug/cmTC_e690a.build/Objects-normal/x86_64/CheckFunctionExists.o /usr/local/Cellar/cmake/3.15.3/share/cmake/Modules/CheckFunctionExists.c normal x86_64 c com.apple.compilers.llvm.clang.1_0.compiler
    cd /Users/yamadapc/projects/file-saver/xcode/CMakeFiles/CMakeTmp
    /Applications/Xcode.app/Contents/Developer/Toolchains/XcodeDefault.xctoolchain/usr/bin/clang -x c -target x86_64-apple-macos10.15 -fmessage-length=0 -fdiagnostics-show-note-include-stack -fmacro-backtrace-limit=0 -Wno-trigraphs -fpascal-strings -O0 -Wno-missing-field-initializers -Wno-missing-prototypes -Wno-return-type -Wno-missing-braces -Wparentheses -Wswitch -Wno-unused-function -Wno-unused-label -Wno-unused-parameter -Wno-unused-variable -Wunused-value -Wno-empty-body -Wno-uninitialized -Wno-unknown-pragmas -Wno-shadow -Wno-four-char-constants -Wno-conversion -Wno-constant-conversion -Wno-int-conversion -Wno-bool-conversion -Wno-enum-conversion -Wno-float-conversion -Wno-non-literal-null-conversion -Wno-objc-literal-conversion -Wno-shorten-64-to-32 -Wpointer-sign -Wno-newline-eof -DCMAKE_INTDIR=\"Debug\" -isysroot /Applications/Xcode.app/Contents/Developer/Platforms/MacOSX.platform/Developer/SDKs/MacOSX10.15.sdk -fasm-blocks -fstrict-aliasing -Wdeprecated-declarations -g -Wno-sign-conversion -Wno-infinite-recursion -Wno-comma -Wno-block-capture-autoreleasing -Wno-strict-prototypes -Wno-semicolon-before-method-body -I/Users/yamadapc/projects/file-saver/xcode/CMakeFiles/CMakeTmp/Debug/include -I/Users/yamadapc/projects/file-saver/xcode/CMakeFiles/CMakeTmp/CMAKE_TRY_COMPILE.build/Debug/cmTC_e690a.build/DerivedSources-normal/x86_64 -I/Users/yamadapc/projects/file-saver/xcode/CMakeFiles/CMakeTmp/CMAKE_TRY_COMPILE.build/Debug/cmTC_e690a.build/DerivedSources/x86_64 -I/Users/yamadapc/projects/file-saver/xcode/CMakeFiles/CMakeTmp/CMAKE_TRY_COMPILE.build/Debug/cmTC_e690a.build/DerivedSources -Wmost -Wno-four-char-constants -Wno-unknown-pragmas -F/Users/yamadapc/projects/file-saver/xcode/CMakeFiles/CMakeTmp/Debug -DCHECK_FUNCTION_EXISTS=malloc -std=c11 -MMD -MT dependencies -MF /Users/yamadapc/projects/file-saver/xcode/CMakeFiles/CMakeTmp/CMAKE_TRY_COMPILE.build/Debug/cmTC_e690a.build/Objects-normal/x86_64/CheckFunctionExists.d --serialize-diagnostics /Users/yamadapc/projects/file-saver/xcode/CMakeFiles/CMakeTmp/CMAKE_TRY_COMPILE.build/Debug/cmTC_e690a.build/Objects-normal/x86_64/CheckFunctionExists.dia -c /usr/local/Cellar/cmake/3.15.3/share/cmake/Modules/CheckFunctionExists.c -o /Users/yamadapc/projects/file-saver/xcode/CMakeFiles/CMakeTmp/CMAKE_TRY_COMPILE.build/Debug/cmTC_e690a.build/Objects-normal/x86_64/CheckFunctionExists.o
/usr/local/Cellar/cmake/3.15.3/share/cmake/Modules/CheckFunctionExists.c:7:3: warning: incompatible redeclaration of library function 'malloc' [-Wincompatible-library-redeclaration]
  CHECK_FUNCTION_EXISTS(void);
  ^
In file included from <built-in>:364:
<command line>:2:31: note: expanded from here
#define CHECK_FUNCTION_EXISTS malloc
                              ^
/usr/local/Cellar/cmake/3.15.3/share/cmake/Modules/CheckFunctionExists.c:7:3: note: 'malloc' is a builtin with type 'void *(unsigned long)'
In file included from <built-in>:364:
<command line>:2:31: note: expanded from here
#define CHECK_FUNCTION_EXISTS malloc
                              ^
1 warning generated.

Ld Debug/cmTC_e690a normal x86_64
    cd /Users/yamadapc/projects/file-saver/xcode/CMakeFiles/CMakeTmp
    /Applications/Xcode.app/Contents/Developer/Toolchains/XcodeDefault.xctoolchain/usr/bin/clang -target x86_64-apple-macos10.15 -isysroot /Applications/Xcode.app/Contents/Developer/Platforms/MacOSX.platform/Developer/SDKs/MacOSX10.15.sdk -L/Users/yamadapc/projects/file-saver/xcode/CMakeFiles/CMakeTmp/Debug -F/Users/yamadapc/projects/file-saver/xcode/CMakeFiles/CMakeTmp/Debug -filelist /Users/yamadapc/projects/file-saver/xcode/CMakeFiles/CMakeTmp/CMAKE_TRY_COMPILE.build/Debug/cmTC_e690a.build/Objects-normal/x86_64/cmTC_e690a.LinkFileList -Xlinker -object_path_lto -Xlinker /Users/yamadapc/projects/file-saver/xcode/CMakeFiles/CMakeTmp/CMAKE_TRY_COMPILE.build/Debug/cmTC_e690a.build/Objects-normal/x86_64/cmTC_e690a_lto.o -Xlinker -no_deduplicate -Wl,-search_paths_first -Wl,-headerpad_max_install_names -ltcmalloc -Xlinker -dependency_info -Xlinker /Users/yamadapc/projects/file-saver/xcode/CMakeFiles/CMakeTmp/CMAKE_TRY_COMPILE.build/Debug/cmTC_e690a.build/Objects-normal/x86_64/cmTC_e690a_dependency_info.dat -o /Users/yamadapc/projects/file-saver/xcode/CMakeFiles/CMakeTmp/Debug/cmTC_e690a
ld: library not found for -ltcmalloc
clang: error: linker command failed with exit code 1 (use -v to see invocation)

** BUILD FAILED **


The following build commands failed:
	Ld Debug/cmTC_e690a normal x86_64
(1 failure)



Determining if the fdatasync exist failed with the following output:
Change Dir: /Users/yamadapc/projects/file-saver/xcode/CMakeFiles/CMakeTmp

Run Build Command(s):/usr/bin/xcodebuild -project CMAKE_TRY_COMPILE.xcodeproj build -target cmTC_ab65f -configuration Debug -hideShellScriptEnvironment && 2019-10-16 19:38:41.177 xcodebuild[7778:56120] [MT] PluginLoading: Skipping plug-in at path '/Users/yamadapc/Library/Application Support/Developer/Shared/Xcode/Plug-ins/XVim2.xcplugin' because it is not compatible with this version of Xcode.
User defaults from command line:
    HideShellScriptEnvironment = YES

Prepare build
note: Using legacy build system

=== BUILD TARGET cmTC_ab65f OF PROJECT CMAKE_TRY_COMPILE WITH CONFIGURATION Debug ===

Check dependencies

Write auxiliary files
/bin/mkdir -p /Users/yamadapc/projects/file-saver/xcode/CMakeFiles/CMakeTmp/CMAKE_TRY_COMPILE.build/Debug/cmTC_ab65f.build/Objects-normal/x86_64
write-file /Users/yamadapc/projects/file-saver/xcode/CMakeFiles/CMakeTmp/CMAKE_TRY_COMPILE.build/Debug/cmTC_ab65f.build/Objects-normal/x86_64/cmTC_ab65f.LinkFileList

CompileC CMAKE_TRY_COMPILE.build/Debug/cmTC_ab65f.build/Objects-normal/x86_64/CheckSymbolExists.o CheckSymbolExists.cxx normal x86_64 c++ com.apple.compilers.llvm.clang.1_0.compiler
    cd /Users/yamadapc/projects/file-saver/xcode/CMakeFiles/CMakeTmp
    /Applications/Xcode.app/Contents/Developer/Toolchains/XcodeDefault.xctoolchain/usr/bin/clang -x c++ -target x86_64-apple-macos10.15 -fmessage-length=0 -fdiagnostics-show-note-include-stack -fmacro-backtrace-limit=0 -Wno-trigraphs -fpascal-strings -O0 -Wno-missing-field-initializers -Wno-missing-prototypes -Wno-return-type -Wno-non-virtual-dtor -Wno-overloaded-virtual -Wno-exit-time-destructors -Wno-missing-braces -Wparentheses -Wswitch -Wno-unused-function -Wno-unused-label -Wno-unused-parameter -Wno-unused-variable -Wunused-value -Wno-empty-body -Wno-uninitialized -Wno-unknown-pragmas -Wno-shadow -Wno-four-char-constants -Wno-conversion -Wno-constant-conversion -Wno-int-conversion -Wno-bool-conversion -Wno-enum-conversion -Wno-float-conversion -Wno-non-literal-null-conversion -Wno-objc-literal-conversion -Wno-shorten-64-to-32 -Wno-newline-eof -Wno-c++11-extensions -DCMAKE_INTDIR=\"Debug\" -isysroot /Applications/Xcode.app/Contents/Developer/Platforms/MacOSX.platform/Developer/SDKs/MacOSX10.15.sdk -fasm-blocks -fstrict-aliasing -Wdeprecated-declarations -Winvalid-offsetof -g -Wno-sign-conversion -Wno-infinite-recursion -Wno-move -Wno-comma -Wno-block-capture-autoreleasing -Wno-strict-prototypes -Wno-range-loop-analysis -Wno-semicolon-before-method-body -I/Users/yamadapc/projects/file-saver/xcode/CMakeFiles/CMakeTmp/Debug/include -I/Users/yamadapc/projects/file-saver/xcode/CMakeFiles/CMakeTmp/CMAKE_TRY_COMPILE.build/Debug/cmTC_ab65f.build/DerivedSources-normal/x86_64 -I/Users/yamadapc/projects/file-saver/xcode/CMakeFiles/CMakeTmp/CMAKE_TRY_COMPILE.build/Debug/cmTC_ab65f.build/DerivedSources/x86_64 -I/Users/yamadapc/projects/file-saver/xcode/CMakeFiles/CMakeTmp/CMAKE_TRY_COMPILE.build/Debug/cmTC_ab65f.build/DerivedSources -Wmost -Wno-four-char-constants -Wno-unknown-pragmas -F/Users/yamadapc/projects/file-saver/xcode/CMakeFiles/CMakeTmp/Debug -std=c++11 -MMD -MT dependencies -MF /Users/yamadapc/projects/file-saver/xcode/CMakeFiles/CMakeTmp/CMAKE_TRY_COMPILE.build/Debug/cmTC_ab65f.build/Objects-normal/x86_64/CheckSymbolExists.d --serialize-diagnostics /Users/yamadapc/projects/file-saver/xcode/CMakeFiles/CMakeTmp/CMAKE_TRY_COMPILE.build/Debug/cmTC_ab65f.build/Objects-normal/x86_64/CheckSymbolExists.dia -c /Users/yamadapc/projects/file-saver/xcode/CMakeFiles/CMakeTmp/CheckSymbolExists.cxx -o /Users/yamadapc/projects/file-saver/xcode/CMakeFiles/CMakeTmp/CMAKE_TRY_COMPILE.build/Debug/cmTC_ab65f.build/Objects-normal/x86_64/CheckSymbolExists.o
/Users/yamadapc/projects/file-saver/xcode/CMakeFiles/CMakeTmp/CheckSymbolExists.cxx:8:19: error: use of undeclared identifier 'fdatasync'
  return ((int*)(&fdatasync))[argc];
                  ^
1 error generated.

** BUILD FAILED **


The following build commands failed:
	CompileC CMAKE_TRY_COMPILE.build/Debug/cmTC_ab65f.build/Objects-normal/x86_64/CheckSymbolExists.o CheckSymbolExists.cxx normal x86_64 c++ com.apple.compilers.llvm.clang.1_0.compiler
(1 failure)


File /Users/yamadapc/projects/file-saver/xcode/CMakeFiles/CMakeTmp/CheckSymbolExists.cxx:
/* */
#include <unistd.h>

int main(int argc, char** argv)
{
  (void)argv;
#ifndef fdatasync
  return ((int*)(&fdatasync))[argc];
#else
  (void)argc;
  return 0;
#endif
}

Performing C++ SOURCE FILE Test HAVE_KYOTOCABINET failed with the following output:
Change Dir: /Users/yamadapc/projects/file-saver/xcode/CMakeFiles/CMakeTmp

Run Build Command(s):/usr/bin/xcodebuild -project CMAKE_TRY_COMPILE.xcodeproj build -target cmTC_a9a84 -configuration Debug -hideShellScriptEnvironment && 2019-10-16 19:38:48.488 xcodebuild[7934:58255] [MT] PluginLoading: Skipping plug-in at path '/Users/yamadapc/Library/Application Support/Developer/Shared/Xcode/Plug-ins/XVim2.xcplugin' because it is not compatible with this version of Xcode.
User defaults from command line:
    HideShellScriptEnvironment = YES

Prepare build
note: Using legacy build system

=== BUILD TARGET cmTC_a9a84 OF PROJECT CMAKE_TRY_COMPILE WITH CONFIGURATION Debug ===

Check dependencies

Write auxiliary files
/bin/mkdir -p /Users/yamadapc/projects/file-saver/xcode/CMakeFiles/CMakeTmp/CMAKE_TRY_COMPILE.build/Debug/cmTC_a9a84.build/Objects-normal/x86_64
write-file /Users/yamadapc/projects/file-saver/xcode/CMakeFiles/CMakeTmp/CMAKE_TRY_COMPILE.build/Debug/cmTC_a9a84.build/Objects-normal/x86_64/cmTC_a9a84.LinkFileList

CompileC CMAKE_TRY_COMPILE.build/Debug/cmTC_a9a84.build/Objects-normal/x86_64/src.o src.cxx normal x86_64 c++ com.apple.compilers.llvm.clang.1_0.compiler
    cd /Users/yamadapc/projects/file-saver/xcode/CMakeFiles/CMakeTmp
    /Applications/Xcode.app/Contents/Developer/Toolchains/XcodeDefault.xctoolchain/usr/bin/clang -x c++ -target x86_64-apple-macos10.15 -fmessage-length=0 -fdiagnostics-show-note-include-stack -fmacro-backtrace-limit=0 -Wno-trigraphs -fpascal-strings -O0 -Wno-missing-field-initializers -Wno-missing-prototypes -Wno-return-type -Wno-non-virtual-dtor -Wno-overloaded-virtual -Wno-exit-time-destructors -Wno-missing-braces -Wparentheses -Wswitch -Wno-unused-function -Wno-unused-label -Wno-unused-parameter -Wno-unused-variable -Wunused-value -Wno-empty-body -Wno-uninitialized -Wno-unknown-pragmas -Wno-shadow -Wno-four-char-constants -Wno-conversion -Wno-constant-conversion -Wno-int-conversion -Wno-bool-conversion -Wno-enum-conversion -Wno-float-conversion -Wno-non-literal-null-conversion -Wno-objc-literal-conversion -Wno-shorten-64-to-32 -Wno-newline-eof -Wno-c++11-extensions -DCMAKE_INTDIR=\"Debug\" -isysroot /Applications/Xcode.app/Contents/Developer/Platforms/MacOSX.platform/Developer/SDKs/MacOSX10.15.sdk -fasm-blocks -fstrict-aliasing -Wdeprecated-declarations -Winvalid-offsetof -g -Wno-sign-conversion -Wno-infinite-recursion -Wno-move -Wno-comma -Wno-block-capture-autoreleasing -Wno-strict-prototypes -Wno-range-loop-analysis -Wno-semicolon-before-method-body -I/Users/yamadapc/projects/file-saver/xcode/CMakeFiles/CMakeTmp/Debug/include -I/Users/yamadapc/projects/file-saver/xcode/CMakeFiles/CMakeTmp/CMAKE_TRY_COMPILE.build/Debug/cmTC_a9a84.build/DerivedSources-normal/x86_64 -I/Users/yamadapc/projects/file-saver/xcode/CMakeFiles/CMakeTmp/CMAKE_TRY_COMPILE.build/Debug/cmTC_a9a84.build/DerivedSources/x86_64 -I/Users/yamadapc/projects/file-saver/xcode/CMakeFiles/CMakeTmp/CMAKE_TRY_COMPILE.build/Debug/cmTC_a9a84.build/DerivedSources -Wmost -Wno-four-char-constants -Wno-unknown-pragmas -F/Users/yamadapc/projects/file-saver/xcode/CMakeFiles/CMakeTmp/Debug -fno-exceptions -fno-rtti -DHAVE_KYOTOCABINET -std=c++11 -MMD -MT dependencies -MF /Users/yamadapc/projects/file-saver/xcode/CMakeFiles/CMakeTmp/CMAKE_TRY_COMPILE.build/Debug/cmTC_a9a84.build/Objects-normal/x86_64/src.d --serialize-diagnostics /Users/yamadapc/projects/file-saver/xcode/CMakeFiles/CMakeTmp/CMAKE_TRY_COMPILE.build/Debug/cmTC_a9a84.build/Objects-normal/x86_64/src.dia -c /Users/yamadapc/projects/file-saver/xcode/CMakeFiles/CMakeTmp/src.cxx -o /Users/yamadapc/projects/file-saver/xcode/CMakeFiles/CMakeTmp/CMAKE_TRY_COMPILE.build/Debug/cmTC_a9a84.build/Objects-normal/x86_64/src.o
/Users/yamadapc/projects/file-saver/xcode/CMakeFiles/CMakeTmp/src.cxx:2:10: fatal error: 'kcpolydb.h' file not found
#include <kcpolydb.h>
         ^~~~~~~~~~~~
1 error generated.

** BUILD FAILED **


The following build commands failed:
	CompileC CMAKE_TRY_COMPILE.build/Debug/cmTC_a9a84.build/Objects-normal/x86_64/src.o src.cxx normal x86_64 c++ com.apple.compilers.llvm.clang.1_0.compiler
(1 failure)


Source file was:

#include <kcpolydb.h>

int main() {
  kyotocabinet::TreeDB* db = new kyotocabinet::TreeDB();
  delete db;
  return 0;
}
  
